[0m11:27:33.630048 [debug] [MainThread]: Sending event: {'category': 'dbt', 'action': 'invocation', 'label': 'start', 'context': [<snowplow_tracker.self_describing_json.SelfDescribingJson object at 0x10ca886e0>, <snowplow_tracker.self_describing_json.SelfDescribingJson object at 0x10d91b750>, <snowplow_tracker.self_describing_json.SelfDescribingJson object at 0x10d91b890>]}


============================== 11:27:33.634185 | 41a1bc78-3743-4e32-85c2-8711483d4cda ==============================
[0m11:27:33.634185 [info ] [MainThread]: Running with dbt=1.11.2
[0m11:27:33.634529 [debug] [MainThread]: running dbt with arguments {'empty': 'None', 'invocation_command': 'dbt debug', 'warn_error': 'None', 'profiles_dir': '/Users/timothyding/.dbt', 'use_experimental_parser': 'False', 'fail_fast': 'False', 'quiet': 'False', 'introspect': 'True', 'send_anonymous_usage_stats': 'True', 'debug': 'False', 'log_path': 'logs', 'use_colors': 'True', 'no_print': 'None', 'static_parser': 'True', 'write_json': 'True', 'cache_selected_only': 'False', 'warn_error_options': 'WarnErrorOptionsV2(error=[], warn=[], silence=[])', 'printer_width': '80', 'version_check': 'True', 'partial_parse': 'True', 'target_path': 'None', 'log_format': 'default', 'log_cache_events': 'False', 'indirect_selection': 'eager'}
[0m11:27:33.653967 [info ] [MainThread]: dbt version: 1.11.2
[0m11:27:33.654217 [info ] [MainThread]: python version: 3.13.11
[0m11:27:33.654359 [info ] [MainThread]: python path: /Users/timothyding/Documents/git_files/dbt-adapters/dbt-hologres/.venv/bin/python3.13
[0m11:27:33.654486 [info ] [MainThread]: os info: macOS-26.2-arm64-arm-64bit-Mach-O
[0m11:27:33.657226 [info ] [MainThread]: Error importing adapter: No module named 'dbt.adapters.postgres'
[0m11:27:33.657501 [info ] [MainThread]: Using profiles dir at /Users/timothyding/.dbt
[0m11:27:33.657639 [info ] [MainThread]: Using profiles.yml file at /Users/timothyding/.dbt/profiles.yml
[0m11:27:33.657762 [info ] [MainThread]: Using dbt_project.yml file at /Users/timothyding/Documents/git_files/dbt-adapters/dbt-hologres/dbt_project.yml
[0m11:27:33.657902 [info ] [MainThread]: Configuration:
[0m11:27:33.658032 [info ] [MainThread]:   profiles.yml file [[31mERROR invalid[0m]
[0m11:27:33.658147 [info ] [MainThread]:   dbt_project.yml file [[31mERROR not found[0m]
[0m11:27:33.658263 [info ] [MainThread]: Required dependencies:
[0m11:27:33.658441 [debug] [MainThread]: Executing "git --help"
[0m11:27:33.757186 [debug] [MainThread]: STDOUT: "b"usage: git [-v | --version] [-h | --help] [-C <path>] [-c <name>=<value>]\n           [--exec-path[=<path>]] [--html-path] [--man-path] [--info-path]\n           [-p | --paginate | -P | --no-pager] [--no-replace-objects] [--no-lazy-fetch]\n           [--no-optional-locks] [--no-advice] [--bare] [--git-dir=<path>]\n           [--work-tree=<path>] [--namespace=<name>] [--config-env=<name>=<envvar>]\n           <command> [<args>]\n\nThese are common Git commands used in various situations:\n\nstart a working area (see also: git help tutorial)\n   clone      Clone a repository into a new directory\n   init       Create an empty Git repository or reinitialize an existing one\n\nwork on the current change (see also: git help everyday)\n   add        Add file contents to the index\n   mv         Move or rename a file, a directory, or a symlink\n   restore    Restore working tree files\n   rm         Remove files from the working tree and from the index\n\nexamine the history and state (see also: git help revisions)\n   bisect     Use binary search to find the commit that introduced a bug\n   diff       Show changes between commits, commit and working tree, etc\n   grep       Print lines matching a pattern\n   log        Show commit logs\n   show       Show various types of objects\n   status     Show the working tree status\n\ngrow, mark and tweak your common history\n   backfill   Download missing objects in a partial clone\n   branch     List, create, or delete branches\n   commit     Record changes to the repository\n   merge      Join two or more development histories together\n   rebase     Reapply commits on top of another base tip\n   reset      Reset current HEAD to the specified state\n   switch     Switch branches\n   tag        Create, list, delete or verify a tag object signed with GPG\n\ncollaborate (see also: git help workflows)\n   fetch      Download objects and refs from another repository\n   pull       Fetch from and integrate with another repository or a local branch\n   push       Update remote refs along with associated objects\n\n'git help -a' and 'git help -g' list available subcommands and some\nconcept guides. See 'git help <command>' or 'git help <concept>'\nto read about a specific subcommand or concept.\nSee 'git help git' for an overview of the system.\n""
[0m11:27:33.757666 [debug] [MainThread]: STDERR: "b''"
[0m11:27:33.757832 [info ] [MainThread]:  - git [[32mOK found[0m]

[0m11:27:33.757982 [info ] [MainThread]: Connection test skipped since no profile was found
[0m11:27:33.758202 [info ] [MainThread]: [31m2 checks failed:[0m
[0m11:27:33.758341 [info ] [MainThread]: Could not load dbt_project.yml
Profile loading failed for the following reason:
Runtime Error
  Credentials in profile "postgres", target "dev" invalid: Runtime Error
    Could not find adapter type postgres!


[0m11:27:33.758476 [info ] [MainThread]: Project loading failed for the following reason:
 project path </Users/timothyding/Documents/git_files/dbt-adapters/dbt-hologres/dbt_project.yml> not found

[0m11:27:33.765669 [debug] [MainThread]: Resource report: {"command_name": "debug", "command_success": false, "command_wall_clock_time": 0.22300138, "process_in_blocks": "0", "process_kernel_time": 0.204621, "process_mem_max_rss": "111001600", "process_out_blocks": "0", "process_user_time": 0.743642}
[0m11:27:33.765991 [debug] [MainThread]: Command `dbt debug` failed at 11:27:33.765935 after 0.22 seconds
[0m11:27:33.766253 [debug] [MainThread]: Sending event: {'category': 'dbt', 'action': 'invocation', 'label': 'end', 'context': [<snowplow_tracker.self_describing_json.SelfDescribingJson object at 0x10da2d350>, <snowplow_tracker.self_describing_json.SelfDescribingJson object at 0x10d9de0f0>, <snowplow_tracker.self_describing_json.SelfDescribingJson object at 0x10d9bf570>]}
[0m11:27:33.766493 [debug] [MainThread]: Flushing usage events
[0m11:27:34.947838 [debug] [MainThread]: An error was encountered while trying to flush usage events
[0m15:25:05.155194 [debug] [MainThread]: Sending event: {'category': 'dbt', 'action': 'invocation', 'label': 'start', 'context': [<snowplow_tracker.self_describing_json.SelfDescribingJson object at 0x1083c86e0>, <snowplow_tracker.self_describing_json.SelfDescribingJson object at 0x10925b750>, <snowplow_tracker.self_describing_json.SelfDescribingJson object at 0x10925b890>]}


============================== 15:25:05.158636 | 0602eb53-c2c5-4e34-92b5-6612cb28f741 ==============================
[0m15:25:05.158636 [info ] [MainThread]: Running with dbt=1.11.2
[0m15:25:05.158926 [debug] [MainThread]: running dbt with arguments {'target_path': 'None', 'log_format': 'default', 'send_anonymous_usage_stats': 'True', 'debug': 'False', 'profiles_dir': '/Users/timothyding/.dbt', 'log_cache_events': 'False', 'no_print': 'None', 'log_path': 'logs', 'invocation_command': 'dbt debug', 'printer_width': '80', 'use_colors': 'True', 'write_json': 'True', 'introspect': 'True', 'empty': 'None', 'indirect_selection': 'eager', 'use_experimental_parser': 'False', 'warn_error_options': 'WarnErrorOptionsV2(error=[], warn=[], silence=[])', 'static_parser': 'True', 'version_check': 'True', 'warn_error': 'None', 'partial_parse': 'True', 'fail_fast': 'False', 'quiet': 'False', 'cache_selected_only': 'False'}
[0m15:25:05.175963 [info ] [MainThread]: dbt version: 1.11.2
[0m15:25:05.176175 [info ] [MainThread]: python version: 3.13.11
[0m15:25:05.176312 [info ] [MainThread]: python path: /Users/timothyding/Documents/git_files/dbt-adapters/dbt-hologres/.venv/bin/python3.13
[0m15:25:05.176440 [info ] [MainThread]: os info: macOS-26.2-arm64-arm-64bit-Mach-O
[0m15:25:08.086233 [info ] [MainThread]: Using profiles dir at /Users/timothyding/.dbt
[0m15:25:08.086478 [info ] [MainThread]: Using profiles.yml file at /Users/timothyding/.dbt/profiles.yml
[0m15:25:08.086614 [info ] [MainThread]: Using dbt_project.yml file at /Users/timothyding/Documents/git_files/dbt-adapters/dbt-hologres/dbt_project.yml
[0m15:25:08.086748 [info ] [MainThread]: adapter type: hologres
[0m15:25:08.086871 [info ] [MainThread]: adapter version: 1.0.0
[0m15:25:08.087010 [info ] [MainThread]: Configuration:
[0m15:25:08.087132 [info ] [MainThread]:   profiles.yml file [[32mOK found and valid[0m]
[0m15:25:08.087253 [info ] [MainThread]:   dbt_project.yml file [[31mERROR not found[0m]
[0m15:25:08.087372 [info ] [MainThread]: Required dependencies:
[0m15:25:08.087585 [debug] [MainThread]: Executing "git --help"
[0m15:25:08.187718 [debug] [MainThread]: STDOUT: "b"usage: git [-v | --version] [-h | --help] [-C <path>] [-c <name>=<value>]\n           [--exec-path[=<path>]] [--html-path] [--man-path] [--info-path]\n           [-p | --paginate | -P | --no-pager] [--no-replace-objects] [--no-lazy-fetch]\n           [--no-optional-locks] [--no-advice] [--bare] [--git-dir=<path>]\n           [--work-tree=<path>] [--namespace=<name>] [--config-env=<name>=<envvar>]\n           <command> [<args>]\n\nThese are common Git commands used in various situations:\n\nstart a working area (see also: git help tutorial)\n   clone      Clone a repository into a new directory\n   init       Create an empty Git repository or reinitialize an existing one\n\nwork on the current change (see also: git help everyday)\n   add        Add file contents to the index\n   mv         Move or rename a file, a directory, or a symlink\n   restore    Restore working tree files\n   rm         Remove files from the working tree and from the index\n\nexamine the history and state (see also: git help revisions)\n   bisect     Use binary search to find the commit that introduced a bug\n   diff       Show changes between commits, commit and working tree, etc\n   grep       Print lines matching a pattern\n   log        Show commit logs\n   show       Show various types of objects\n   status     Show the working tree status\n\ngrow, mark and tweak your common history\n   backfill   Download missing objects in a partial clone\n   branch     List, create, or delete branches\n   commit     Record changes to the repository\n   merge      Join two or more development histories together\n   rebase     Reapply commits on top of another base tip\n   reset      Reset current HEAD to the specified state\n   switch     Switch branches\n   tag        Create, list, delete or verify a tag object signed with GPG\n\ncollaborate (see also: git help workflows)\n   fetch      Download objects and refs from another repository\n   pull       Fetch from and integrate with another repository or a local branch\n   push       Update remote refs along with associated objects\n\n'git help -a' and 'git help -g' list available subcommands and some\nconcept guides. See 'git help <command>' or 'git help <concept>'\nto read about a specific subcommand or concept.\nSee 'git help git' for an overview of the system.\n""
[0m15:25:08.188168 [debug] [MainThread]: STDERR: "b''"
[0m15:25:08.188355 [info ] [MainThread]:  - git [[32mOK found[0m]

[0m15:25:08.188529 [info ] [MainThread]: Connection:
[0m15:25:08.188697 [info ] [MainThread]:   host: hgpostcn-cn-wyc4l7i67022-cn-hangzhou.hologres.aliyuncs.com
[0m15:25:08.188834 [info ] [MainThread]:   port: 80
[0m15:25:08.188958 [info ] [MainThread]:   user: BASIC$dbt_user
[0m15:25:08.189070 [info ] [MainThread]:   database: from_dbt
[0m15:25:08.189186 [info ] [MainThread]:   schema: public
[0m15:25:08.189297 [info ] [MainThread]:   connect_timeout: 10
[0m15:25:08.189408 [info ] [MainThread]:   role: None
[0m15:25:08.189518 [info ] [MainThread]:   search_path: None
[0m15:25:08.189628 [info ] [MainThread]:   sslmode: disable
[0m15:25:08.189737 [info ] [MainThread]:   application_name: dbt_hologres_1.0.0
[0m15:25:08.189852 [info ] [MainThread]:   retries: 1
[0m15:25:08.190172 [info ] [MainThread]: Registered adapter: hologres=1.0.0
[0m15:25:08.256242 [debug] [MainThread]: Acquiring new hologres connection 'debug'
[0m15:25:08.426517 [debug] [MainThread]: Using hologres connection "debug"
[0m15:25:08.426738 [debug] [MainThread]: On debug: select 1 as id
[0m15:25:08.426876 [debug] [MainThread]: Opening a new connection, currently in state init
[0m15:25:08.525549 [debug] [MainThread]: SQL status: SELECT 1 in 0.099 seconds
[0m15:25:08.526186 [debug] [MainThread]: On debug: Close
[0m15:25:08.526487 [info ] [MainThread]:   Connection test: [[32mOK connection ok[0m]

[0m15:25:08.526673 [info ] [MainThread]: [31m1 check failed:[0m
[0m15:25:08.526825 [info ] [MainThread]: Project loading failed for the following reason:
 project path </Users/timothyding/Documents/git_files/dbt-adapters/dbt-hologres/dbt_project.yml> not found

[0m15:25:08.532120 [debug] [MainThread]: Resource report: {"command_name": "debug", "command_success": false, "command_wall_clock_time": 3.456726, "process_in_blocks": "0", "process_kernel_time": 0.295213, "process_mem_max_rss": "127533056", "process_out_blocks": "0", "process_user_time": 0.816483}
[0m15:25:08.532393 [debug] [MainThread]: Command `dbt debug` failed at 15:25:08.532341 after 3.46 seconds
[0m15:25:08.532571 [debug] [MainThread]: Connection 'debug' was properly closed.
[0m15:25:08.532753 [debug] [MainThread]: Sending event: {'category': 'dbt', 'action': 'invocation', 'label': 'end', 'context': [<snowplow_tracker.self_describing_json.SelfDescribingJson object at 0x10a39a190>, <snowplow_tracker.self_describing_json.SelfDescribingJson object at 0x10a397bf0>, <snowplow_tracker.self_describing_json.SelfDescribingJson object at 0x10a2dc8d0>]}
[0m15:25:08.532956 [debug] [MainThread]: Flushing usage events
[0m15:25:10.780579 [debug] [MainThread]: An error was encountered while trying to flush usage events
